{"/Users/manic/Documents/Code/chameleon/vuetify-colorizer/src/index.js": {"path":"/Users/manic/Documents/Code/chameleon/vuetify-colorizer/src/index.js","statementMap":{"0":{"start":{"line":1,"column":0},"end":{"line":null,"column":-1}},"1":{"start":{"line":2,"column":0},"end":{"line":null,"column":-1}},"2":{"start":{"line":7,"column":6},"end":{"line":null,"column":-1}},"3":{"start":{"line":12,"column":6},"end":{"line":null,"column":-1}}},"fnMap":{"0":{"name":"install","decl":{"start":{"line":5,"column":16},"end":{"line":6,"column":11}},"loc":{"start":{"line":6,"column":17},"end":{"line":8,"column":5}}},"1":{"name":"install","decl":{"start":{"line":10,"column":21},"end":{"line":11,"column":11}},"loc":{"start":{"line":11,"column":17},"end":{"line":13,"column":5}}}},"branchMap":{},"s":{"0":0,"1":0,"2":0,"3":0},"f":{"0":0,"1":0},"b":{}}
,"/Users/manic/Documents/Code/chameleon/vuetify-colorizer/src/main.js": {"path":"/Users/manic/Documents/Code/chameleon/vuetify-colorizer/src/main.js","statementMap":{"0":{"start":{"line":1,"column":0},"end":{"line":null,"column":-1}},"1":{"start":{"line":2,"column":0},"end":{"line":null,"column":-1}},"2":{"start":{"line":3,"column":0},"end":{"line":null,"column":-1}},"3":{"start":{"line":4,"column":0},"end":{"line":null,"column":-1}},"4":{"start":{"line":6,"column":0},"end":{"line":null,"column":-1}},"5":{"start":{"line":7,"column":0},"end":{"line":null,"column":-1}},"6":{"start":{"line":9,"column":0},"end":{"line":null,"column":-1}},"7":{"start":{"line":10,"column":10},"end":{"line":null,"column":-1}}},"fnMap":{"0":{"name":"render","decl":{"start":{"line":10,"column":10},"end":{"line":null,"column":-1}},"loc":{"start":{"line":10,"column":10},"end":{"line":null,"column":-1}}}},"branchMap":{},"s":{"0":0,"1":0,"2":0,"3":0,"4":0,"5":0,"6":0,"7":0},"f":{"0":0},"b":{}}
,"/Users/manic/Documents/Code/chameleon/vuetify-colorizer/src/utility/index.js": {"path":"/Users/manic/Documents/Code/chameleon/vuetify-colorizer/src/utility/index.js","statementMap":{},"fnMap":{},"branchMap":{},"s":{},"f":{},"b":{},"_coverageSchema":"332fd63041d2c1bcb487cc26dd0d5f7d97098a6c","hash":"a8f64b88df7fa43af9a5ee5c4f20c0bc03e616c0"}
,"/Users/manic/Documents/Code/chameleon/vuetify-colorizer/src/utility/toKebabCase.js": {"path":"/Users/manic/Documents/Code/chameleon/vuetify-colorizer/src/utility/toKebabCase.js","statementMap":{"0":{"start":{"line":2,"column":2},"end":{"line":2,"column":67}}},"fnMap":{"0":{"name":"toKebabCase","decl":{"start":{"line":1,"column":24},"end":{"line":1,"column":35}},"loc":{"start":{"line":1,"column":43},"end":{"line":3,"column":1}},"line":1}},"branchMap":{},"s":{"0":492},"f":{"0":492},"b":{},"_coverageSchema":"332fd63041d2c1bcb487cc26dd0d5f7d97098a6c","hash":"d31c6bc56b8c087c8b5fe328bc5d116859025c2c"}
}
