TN:
SF:/Users/manic/Documents/Code/chameleon/vuetify-colorizer/src/index.js
FN:5,install
FN:10,install
FNF:2
FNH:0
FNDA:0,install
FNDA:0,install
DA:1,0
DA:2,0
DA:7,0
DA:12,0
LF:4
LH:0
BRF:0
BRH:0
end_of_record
TN:
SF:/Users/manic/Documents/Code/chameleon/vuetify-colorizer/src/main.js
FN:10,render
FNF:1
FNH:0
FNDA:0,render
DA:1,0
DA:2,0
DA:3,0
DA:4,0
DA:6,0
DA:7,0
DA:9,0
DA:10,0
LF:8
LH:0
BRF:0
BRH:0
end_of_record
TN:
SF:/Users/manic/Documents/Code/chameleon/vuetify-colorizer/src/utility/index.js
FNF:0
FNH:0
LF:0
LH:0
BRF:0
BRH:0
end_of_record
TN:
SF:/Users/manic/Documents/Code/chameleon/vuetify-colorizer/src/utility/toKebabCase.js
FN:1,toKebabCase
FNF:1
FNH:1
FNDA:492,toKebabCase
DA:2,492
LF:1
LH:1
BRF:0
BRH:0
end_of_record
