<?xml version="1.0" encoding="UTF-8"?>
<coverage generated="1548328639795" clover="3.2.0">
  <project timestamp="1548328639795" name="All files">
    <metrics statements="13" coveredstatements="1" conditionals="0" coveredconditionals="0" methods="2" coveredmethods="1" elements="15" coveredelements="2" complexity="0" loc="13" ncloc="13" packages="2" files="4" classes="4">
      <package name="src">
        <metrics statements="12" coveredstatements="0" conditionals="0" coveredconditionals="0" methods="1" coveredmethods="0"/>
        <file name="index.js" path="/Users/lana/chameleon/vuetify-colorizer/src/index.js">
          <metrics statements="4" coveredstatements="0" conditionals="0" coveredconditionals="0" methods="0" coveredmethods="0"/>
          <line num="1" count="0" type="stmt"/>
          <line num="2" count="0" type="stmt"/>
          <line num="7" count="0" type="stmt"/>
          <line num="12" count="0" type="stmt"/>
        </file>
        <file name="main.js" path="/Users/lana/chameleon/vuetify-colorizer/src/main.js">
          <metrics statements="8" coveredstatements="0" conditionals="0" coveredconditionals="0" methods="1" coveredmethods="0"/>
          <line num="1" count="0" type="stmt"/>
          <line num="2" count="0" type="stmt"/>
          <line num="3" count="0" type="stmt"/>
          <line num="4" count="0" type="stmt"/>
          <line num="6" count="0" type="stmt"/>
          <line num="7" count="0" type="stmt"/>
          <line num="9" count="0" type="stmt"/>
          <line num="10" count="0" type="stmt"/>
        </file>
      </package>
      <package name="src.utility">
        <metrics statements="1" coveredstatements="1" conditionals="0" coveredconditionals="0" methods="1" coveredmethods="1"/>
        <file name="index.js" path="/Users/lana/chameleon/vuetify-colorizer/src/utility/index.js">
          <metrics statements="0" coveredstatements="0" conditionals="0" coveredconditionals="0" methods="0" coveredmethods="0"/>
        </file>
        <file name="toKebabCase.js" path="/Users/lana/chameleon/vuetify-colorizer/src/utility/toKebabCase.js">
          <metrics statements="1" coveredstatements="1" conditionals="0" coveredconditionals="0" methods="1" coveredmethods="1"/>
          <line num="2" count="492" type="stmt"/>
        </file>
      </package>
    </metrics>
  </project>
</coverage>
